[debug] [2020-02-05T03:30:51.416Z] ----------------------------------------------------------------------
[debug] [2020-02-05T03:30:51.418Z] Command:       C:\Program Files\nodejs\node.exe C:\Users\mayar\AppData\Roaming\npm\node_modules\firebase-tools\lib\bin\firebase.js init
[debug] [2020-02-05T03:30:51.419Z] CLI Version:   7.12.1
[debug] [2020-02-05T03:30:51.419Z] Platform:      win32
[debug] [2020-02-05T03:30:51.419Z] Node Version:  v10.15.3
[debug] [2020-02-05T03:30:51.420Z] Time:          Wed Feb 05 2020 01:30:51 GMT-0200 (GMT-02:00)
[debug] [2020-02-05T03:30:51.420Z] ----------------------------------------------------------------------
[debug] [2020-02-05T03:30:51.420Z] 
[debug] [2020-02-05T03:30:51.431Z] > command requires scopes: ["email","openid","https://www.googleapis.com/auth/cloudplatformprojects.readonly","https://www.googleapis.com/auth/firebase","https://www.googleapis.com/auth/cloud-platform"]
[debug] [2020-02-05T03:30:51.432Z] > authorizing via signed-in user
[info] 
     ######## #### ########  ######## ########     ###     ######  ########
     ##        ##  ##     ## ##       ##     ##  ##   ##  ##       ##
     ######    ##  ########  ######   ########  #########  ######  ######
     ##        ##  ##    ##  ##       ##     ## ##     ##       ## ##
     ##       #### ##     ## ######## ########  ##     ##  ######  ########

You're about to initialize a Firebase project in this directory:

  C:\Users\mayar\OneDrive\Documentos\MBA\TCC\gobe-good

[debug] [2020-02-05T03:31:55.417Z] Error: kill ENOSYS
    at process.kill (internal/process/per_thread.js:198:13)
    at process.listener (C:\Users\mayar\AppData\Roaming\npm\node_modules\firebase-tools\node_modules\signal-exit\index.js:95:15)
    at process.emit (events.js:189:13)
[error] 
[error] Error: An unexpected error has occurred.
